<?xml version="1.0" encoding="UTF-8"?>
<!-- Generated by org.testng.reporters.JUnitReportReporter -->
<testsuite skipped="0" hostname="EPRUPETW06F7" name="tests.doubleSqrtTest" tests="5" failures="0" timestamp="2021-06-17T14:12:21 MSK" time="0.003" errors="0">
  <testcase name="doubleSqrt" time="0.000" classname="tests.doubleSqrtTest"/>
  <system-out/>
  <testcase name="doubleSqrt" time="0.000" classname="tests.doubleSqrtTest"/>
  <system-out/>
  <testcase name="doubleSqrt" time="0.000" classname="tests.doubleSqrtTest"/>
  <system-out/>
  <testcase name="doubleSqrt" time="0.000" classname="tests.doubleSqrtTest"/>
  <system-out/>
  <testcase name="doubleSqrt" time="0.003" classname="tests.doubleSqrtTest"/>
  <system-out/>
</testsuite> <!-- tests.doubleSqrtTest -->
