<?xml version="1.0" encoding="UTF-8"?>
<!-- Generated by org.testng.reporters.JUnitReportReporter -->
<testsuite skipped="0" hostname="EPRUPETW06F7" name="tests.boolisPositiveTest" tests="5" failures="0" timestamp="2021-06-17T14:12:21 MSK" time="0.000" errors="0">
  <testcase name="boolIsPositive" time="0.000" classname="tests.boolisPositiveTest"/>
  <system-out/>
  <testcase name="boolIsPositive" time="0.000" classname="tests.boolisPositiveTest"/>
  <system-out/>
  <testcase name="boolIsPositive" time="0.000" classname="tests.boolisPositiveTest"/>
  <system-out/>
  <testcase name="boolIsPositive" time="0.000" classname="tests.boolisPositiveTest"/>
  <system-out/>
  <testcase name="boolIsPositive" time="0.000" classname="tests.boolisPositiveTest"/>
  <system-out/>
</testsuite> <!-- tests.boolisPositiveTest -->
