<?xml version="1.0" encoding="UTF-8"?>
<!-- Generated by org.testng.reporters.JUnitReportReporter -->
<testsuite skipped="0" hostname="EPRUPETW06F7" name="tests.doubleDivTest" tests="5" failures="0" timestamp="2021-06-17T14:12:21 MSK" time="0.001" errors="0">
  <testcase name="doubleDivision" time="0.000" classname="tests.doubleDivTest"/>
  <system-out/>
  <testcase name="doubleDivision" time="0.000" classname="tests.doubleDivTest"/>
  <system-out/>
  <testcase name="doubleDivision" time="0.000" classname="tests.doubleDivTest"/>
  <system-out/>
  <testcase name="doubleDivision" time="0.000" classname="tests.doubleDivTest"/>
  <system-out/>
  <testcase name="doubleDivision" time="0.001" classname="tests.doubleDivTest"/>
  <system-out/>
</testsuite> <!-- tests.doubleDivTest -->
